-------------------------------------------------------------------------------
Test set: com.group_twelve.businesslogic.BookingManagerTest
-------------------------------------------------------------------------------
Tests run: 8, Failures: 0, Errors: 8, Skipped: 0, Time elapsed: 0.088 s <<< FAILURE! - in com.group_twelve.businesslogic.BookingManagerTest
incorrectInputValidationShouldReturnEmptyArraylist{String, String, String}[1]  Time elapsed: 0.014 s  <<< ERROR!
java.lang.NoSuchMethodError: 'org.mockito.session.MockitoSessionBuilder org.mockito.Mockito.mockitoSession()'

incorrectInputValidationShouldReturnEmptyArraylist{String, String, String}[2]  Time elapsed: 0.001 s  <<< ERROR!
java.lang.NoSuchMethodError: 'org.mockito.session.MockitoSessionBuilder org.mockito.Mockito.mockitoSession()'

incorrectInputValidationShouldReturnEmptyArraylist{String, String, String}[3]  Time elapsed: 0 s  <<< ERROR!
java.lang.NoSuchMethodError: 'org.mockito.session.MockitoSessionBuilder org.mockito.Mockito.mockitoSession()'

incorrectInputValidationShouldReturnEmptyArraylist{String, String, String}[4]  Time elapsed: 0.001 s  <<< ERROR!
java.lang.NoSuchMethodError: 'org.mockito.session.MockitoSessionBuilder org.mockito.Mockito.mockitoSession()'

getAllBookingsReturnValidBookingEntity  Time elapsed: 0 s  <<< ERROR!
java.lang.NoSuchMethodError: 'org.mockito.session.MockitoSessionBuilder org.mockito.Mockito.mockitoSession()'

correctInputValidationShouldBeAcceptedTest{String, String, String, String, String, String}[1]  Time elapsed: 0.001 s  <<< ERROR!
java.lang.NoSuchMethodError: 'org.mockito.session.MockitoSessionBuilder org.mockito.Mockito.mockitoSession()'

correctInputValidationShouldBeAcceptedTest{String, String, String, String, String, String}[2]  Time elapsed: 0.001 s  <<< ERROR!
java.lang.NoSuchMethodError: 'org.mockito.session.MockitoSessionBuilder org.mockito.Mockito.mockitoSession()'

getAllBookingsReturnEmptyArrayListWhenDBIsEmpty  Time elapsed: 0.001 s  <<< ERROR!
java.lang.NoSuchMethodError: 'org.mockito.session.MockitoSessionBuilder org.mockito.Mockito.mockitoSession()'

