<?xml version="1.0" encoding="UTF-8"?>
<testsuite xmlns:xsi="http://www.w3.org/2001/XMLSchema-instance" xsi:noNamespaceSchemaLocation="https://maven.apache.org/surefire/maven-surefire-plugin/xsd/surefire-test-report.xsd" name="com.group_twelve.businesslogic.BusinesslogicTest" time="0.015" tests="4" errors="0" skipped="0" failures="0">
  <properties>
[...]
</properties>
  <testcase name="testAddPlane" classname="com.group_twelve.businesslogic.BusinesslogicTest" time="0.01"/>
  <testcase name="testAddRoute" classname="com.group_twelve.businesslogic.BusinesslogicTest" time="0"/>
  <testcase name="testAddAirport" classname="com.group_twelve.businesslogic.BusinesslogicTest" time="0"/>
  <testcase name="testAddFlight" classname="com.group_twelve.businesslogic.BusinesslogicTest" time="0.001"/>
</testsuite>