<?xml version="1.0" encoding="UTF-8"?>
<testsuite xmlns:xsi="http://www.w3.org/2001/XMLSchema-instance" xsi:noNamespaceSchemaLocation="https://maven.apache.org/surefire/maven-surefire-plugin/xsd/surefire-test-report.xsd" name="com.group_twelve.businesslogic.BookingManagerTest" time="0.088" tests="8" errors="8" skipped="0" failures="0">
  <properties>
[...]
</properties>
  <testcase name="incorrectInputValidationShouldReturnEmptyArraylist{String, String, String}[1]" classname="com.group_twelve.businesslogic.BookingManagerTest" time="0.014">
    <error message="&apos;org.mockito.session.MockitoSessionBuilder org.mockito.Mockito.mockitoSession()&apos;" type="java.lang.NoSuchMethodError">java.lang.NoSuchMethodError: 'org.mockito.session.MockitoSessionBuilder org.mockito.Mockito.mockitoSession()'
</error>
  </testcase>
  <testcase name="incorrectInputValidationShouldReturnEmptyArraylist{String, String, String}[2]" classname="com.group_twelve.businesslogic.BookingManagerTest" time="0.001">
    <error message="&apos;org.mockito.session.MockitoSessionBuilder org.mockito.Mockito.mockitoSession()&apos;" type="java.lang.NoSuchMethodError">java.lang.NoSuchMethodError: 'org.mockito.session.MockitoSessionBuilder org.mockito.Mockito.mockitoSession()'
</error>
  </testcase>
  <testcase name="incorrectInputValidationShouldReturnEmptyArraylist{String, String, String}[3]" classname="com.group_twelve.businesslogic.BookingManagerTest" time="0">
    <error message="&apos;org.mockito.session.MockitoSessionBuilder org.mockito.Mockito.mockitoSession()&apos;" type="java.lang.NoSuchMethodError">java.lang.NoSuchMethodError: 'org.mockito.session.MockitoSessionBuilder org.mockito.Mockito.mockitoSession()'
</error>
  </testcase>
  <testcase name="incorrectInputValidationShouldReturnEmptyArraylist{String, String, String}[4]" classname="com.group_twelve.businesslogic.BookingManagerTest" time="0.001">
    <error message="&apos;org.mockito.session.MockitoSessionBuilder org.mockito.Mockito.mockitoSession()&apos;" type="java.lang.NoSuchMethodError">java.lang.NoSuchMethodError: 'org.mockito.session.MockitoSessionBuilder org.mockito.Mockito.mockitoSession()'
</error>
  </testcase>
  <testcase name="getAllBookingsReturnValidBookingEntity" classname="com.group_twelve.businesslogic.BookingManagerTest" time="0">
    <error message="&apos;org.mockito.session.MockitoSessionBuilder org.mockito.Mockito.mockitoSession()&apos;" type="java.lang.NoSuchMethodError">java.lang.NoSuchMethodError: 'org.mockito.session.MockitoSessionBuilder org.mockito.Mockito.mockitoSession()'
</error>
  </testcase>
  <testcase name="correctInputValidationShouldBeAcceptedTest{String, String, String, String, String, String}[1]" classname="com.group_twelve.businesslogic.BookingManagerTest" time="0.001">
    <error message="&apos;org.mockito.session.MockitoSessionBuilder org.mockito.Mockito.mockitoSession()&apos;" type="java.lang.NoSuchMethodError">java.lang.NoSuchMethodError: 'org.mockito.session.MockitoSessionBuilder org.mockito.Mockito.mockitoSession()'
</error>
  </testcase>
  <testcase name="correctInputValidationShouldBeAcceptedTest{String, String, String, String, String, String}[2]" classname="com.group_twelve.businesslogic.BookingManagerTest" time="0.001">
    <error message="&apos;org.mockito.session.MockitoSessionBuilder org.mockito.Mockito.mockitoSession()&apos;" type="java.lang.NoSuchMethodError">java.lang.NoSuchMethodError: 'org.mockito.session.MockitoSessionBuilder org.mockito.Mockito.mockitoSession()'
</error>
  </testcase>
  <testcase name="getAllBookingsReturnEmptyArrayListWhenDBIsEmpty" classname="com.group_twelve.businesslogic.BookingManagerTest" time="0.001">
    <error message="&apos;org.mockito.session.MockitoSessionBuilder org.mockito.Mockito.mockitoSession()&apos;" type="java.lang.NoSuchMethodError">java.lang.NoSuchMethodError: 'org.mockito.session.MockitoSessionBuilder org.mockito.Mockito.mockitoSession()'
</error>
  </testcase>
</testsuite>